500000
1000000
1500000
2000000
2500000
3000000
3500000
4000000
4500000
5000000
5500000
6000000
6500000
7000000
7500000
8000000
8500000
9000000
9500000
10000000
10500000
11000000
11500000
12000000
12500000
13000000
13500000
14000000
14500000
15000000
15500000
16000000
16500000
17000000
17500000
18000000
18500000
19000000
19500000
20000000
20500000
21000000
21500000
22000000
22500000
23000000
23500000
24000000
24500000
25000000
25500000
26000000
26500000
27000000
27500000
28000000
28500000
29000000
29500000
30000000
30500000
